	1	A
	2	A
	3	A
	4	A
	5	A
	6	A
	7	A
	8	A
	9	A
	10	A
	11	A
	12	A
	13	A
	14	A
	15	A
	16	A
	17	A
	18	A
	19	A
	20	A
	21	A
	22	A
	23	A
	24	A
	25	A
	26	A
	27	A
	28	A
	29	A
	30	A
	31	A
	32	A
	33	A
	34	A
	35	A
	36	B
	37	B
	38	B
	39	B
	40	B
	41	B
	42	B
	43	B
	44	B
	45	B
	46	B
	47	B
	48	B
	49	B
	50	C
	51	C
	52	C
	53	C
	54	C
	55	C
	56	C
	57	C
	58	C
	59	C
	60	C
	61	C
	62	C
	63	C
	64	C
	65	C
	66	C
	67	C
	68	C
	69	C
	70	C
	71	C
	72	C
	73	C
	74	C
	75	C
	76	C
	77	C
	78	C
	79	C
	80	C
	81	C
	82	C
	83	C
	84	C
	85	C
	86	C
	87	C
	88	C
	89	C
	90	C
	91	C
	92	C
	93	C
	94	C
	95	D
	96	D
	97	D
	98	D
	99	D
	100	D
	101	D
	102	D
	103	D
	104	D
	105	D
	106	D
	107	D
	108	D
	109	D
	110	D
	111	D
	112	D
	113	D
	114	D
	115	D
	116	D
	117	D
	118	E
	119	E
	120	E
	121	E
	122	E
	123	E
	124	E
	125	E
	126	E
	127	E
	128	E
	129	E
	130	E
	131	E
	132	E
	133	E
	134	E
	135	E
	136	E
	137	E
	138	E
	139	E
	140	E
	141	E
	142	E
	143	E
	144	E
	145	E
	146	E
	147	F
	148	F
	149	F
	150	F
	151	F
	152	F
	153	F
	154	F
	155	F
	156	F
	157	F
	158	F
	159	F
	160	F
	161	F
	162	F
	163	F
	164	F
	165	F
	166	F
	167	F
	168	F
	169	F
	170	F
	171	F
	172	F
	173	F
	174	F
	175	F
	176	F
	177	F
	178	F
	179	F
	180	F
	181	F
	182	F
	183	F
	184	F
	185	F
	186	F
	187	F
	188	F
	189	F
	190	G
	191	G
	192	G
	193	G
	194	G
	195	G
	196	G
	197	G
	198	G
	199	G
	200	G
	201	G
	202	G
	203	G
	204	G
	205	G
	206	G
	207	G
	208	G
	209	G
	210	G
	211	G
	212	G
	213	G
	214	G
	215	H
	216	H
	217	H
	218	H
	219	H
	220	H
	221	H
	222	H
	223	H
	224	H
	225	H
	226	H
	227	H
	228	H
	229	H
	230	H
	231	H
	232	H
	233	I
	234	I
	235	I
	236	I
	237	I
	238	I
	239	I
	240	I
	241	I
	242	I
	243	I
	244	I
	245	I
	246	I
	247	I
	248	I
	249	I
	250	I
	251	I
	252	I
	253	I
	254	I
	255	I
	256	I
	257	I
	258	I
	259	I
	260	I
	261	I
	262	I
	263	I
	264	I
	265	I
	266	I
	267	J
	268	J
	269	J
	270	J
	271	J
	272	J
	273	J
	274	J
	275	J
	276	J
	277	J
	278	J
	279	J
	280	J
	281	J
	282	J
	283	J
	284	J
	285	J
	286	J
	287	J
	288	J
	289	J
	290	J
	291	J
	292	J
	293	J
	294	J
